<?xml version="1.0" encoding="UTF-8"?>
<testng-results skipped="0" failed="2" ignored="0" total="4" passed="2">
  <reporter-output>
  </reporter-output>
  <suite name="Default Suite" duration-ms="9894" started-at="2023-06-07T16:15:09Z" finished-at="2023-06-07T16:15:19Z">
    <groups>
    </groups>
    <test name="webdriver_demo" duration-ms="9894" started-at="2023-06-07T16:15:09Z" finished-at="2023-06-07T16:15:19Z">
      <class name="com.demo.day3.findAndclick">
        <test-method status="PASS" signature="openC()[pri:0, instance:com.demo.day3.findAndclick@234bef66]" name="openC" is-config="true" duration-ms="3278" started-at="2023-06-07T16:15:10Z" finished-at="2023-06-07T16:15:13Z">
          <reporter-output>
          </reporter-output>
        </test-method> <!-- openC -->
        <test-method status="PASS" signature="openC()[pri:0, instance:com.demo.day3.findAndclick@234bef66]" name="openC" is-config="true" duration-ms="3226" started-at="2023-06-07T16:15:10Z" finished-at="2023-06-07T16:15:13Z">
          <reporter-output>
          </reporter-output>
        </test-method> <!-- openC -->
        <test-method status="PASS" signature="openC()[pri:0, instance:com.demo.day3.findAndclick@234bef66]" name="openC" is-config="true" duration-ms="3134" started-at="2023-06-07T16:15:10Z" finished-at="2023-06-07T16:15:13Z">
          <reporter-output>
          </reporter-output>
        </test-method> <!-- openC -->
        <test-method status="PASS" signature="click()[pri:0, instance:com.demo.day3.findAndclick@234bef66]" name="click" duration-ms="872" started-at="2023-06-07T16:15:13Z" finished-at="2023-06-07T16:15:14Z">
          <reporter-output>
          </reporter-output>
        </test-method> <!-- click -->
        <test-method status="FAIL" signature="findElemen()[pri:0, instance:com.demo.day3.findAndclick@234bef66]" name="findElemen" duration-ms="806" started-at="2023-06-07T16:15:13Z" finished-at="2023-06-07T16:15:14Z">
          <exception class="org.openqa.selenium.StaleElementReferenceException">
            <message>
              <![CDATA[stale element reference: stale element not found
  (Session info: chrome=114.0.5735.110)
For documentation on this error, please visit: https://www.seleniumhq.org/exceptions/stale_element_reference.html
Build info: version: '3.141.59', revision: 'e82be7d358', time: '2018-11-14T08:17:03'
System info: host: 'DESKTOP-AT37U7H', ip: '172.172.100.7', os.name: 'Windows 11', os.arch: 'amd64', os.version: '10.0', java.version: '1.8.0_361'
Driver info: org.openqa.selenium.chrome.ChromeDriver
Capabilities {acceptInsecureCerts: false, browserName: chrome, browserVersion: 114.0.5735.110, chrome: {chromedriverVersion: 113.0.5672.63 (0e1a4471d5ae..., userDataDir: C:\Users\xinxin\AppData\Loc...}, goog:chromeOptions: {debuggerAddress: localhost:64635}, javascriptEnabled: true, networkConnectionEnabled: false, pageLoadStrategy: normal, platform: WINDOWS, platformName: WINDOWS, proxy: Proxy(), setWindowRect: true, strictFileInteractability: false, timeouts: {implicit: 0, pageLoad: 300000, script: 30000}, unhandledPromptBehavior: dismiss and notify, webauthn:extension:credBlob: true, webauthn:extension:largeBlob: true, webauthn:extension:minPinLength: true, webauthn:extension:prf: true, webauthn:virtualAuthenticators: true}
Session ID: 9220fec60b3a58328f529aacb637f198]]>
            </message>
            <full-stacktrace>
              <![CDATA[org.openqa.selenium.StaleElementReferenceException: stale element reference: stale element not found
  (Session info: chrome=114.0.5735.110)
For documentation on this error, please visit: https://www.seleniumhq.org/exceptions/stale_element_reference.html
Build info: version: '3.141.59', revision: 'e82be7d358', time: '2018-11-14T08:17:03'
System info: host: 'DESKTOP-AT37U7H', ip: '172.172.100.7', os.name: 'Windows 11', os.arch: 'amd64', os.version: '10.0', java.version: '1.8.0_361'
Driver info: org.openqa.selenium.chrome.ChromeDriver
Capabilities {acceptInsecureCerts: false, browserName: chrome, browserVersion: 114.0.5735.110, chrome: {chromedriverVersion: 113.0.5672.63 (0e1a4471d5ae..., userDataDir: C:\Users\xinxin\AppData\Loc...}, goog:chromeOptions: {debuggerAddress: localhost:64635}, javascriptEnabled: true, networkConnectionEnabled: false, pageLoadStrategy: normal, platform: WINDOWS, platformName: WINDOWS, proxy: Proxy(), setWindowRect: true, strictFileInteractability: false, timeouts: {implicit: 0, pageLoad: 300000, script: 30000}, unhandledPromptBehavior: dismiss and notify, webauthn:extension:credBlob: true, webauthn:extension:largeBlob: true, webauthn:extension:minPinLength: true, webauthn:extension:prf: true, webauthn:virtualAuthenticators: true}
Session ID: 9220fec60b3a58328f529aacb637f198
at sun.reflect.NativeConstructorAccessorImpl.newInstance0(Native Method)
at sun.reflect.NativeConstructorAccessorImpl.newInstance(NativeConstructorAccessorImpl.java:62)
at sun.reflect.DelegatingConstructorAccessorImpl.newInstance(DelegatingConstructorAccessorImpl.java:45)
at java.lang.reflect.Constructor.newInstance(Constructor.java:423)
at org.openqa.selenium.remote.http.W3CHttpResponseCodec.createException(W3CHttpResponseCodec.java:187)
at org.openqa.selenium.remote.http.W3CHttpResponseCodec.decode(W3CHttpResponseCodec.java:122)
at org.openqa.selenium.remote.http.W3CHttpResponseCodec.decode(W3CHttpResponseCodec.java:49)
at org.openqa.selenium.remote.HttpCommandExecutor.execute(HttpCommandExecutor.java:158)
at org.openqa.selenium.remote.service.DriverCommandExecutor.execute(DriverCommandExecutor.java:83)
at org.openqa.selenium.remote.RemoteWebDriver.execute(RemoteWebDriver.java:552)
at org.openqa.selenium.remote.RemoteWebElement.execute(RemoteWebElement.java:285)
at org.openqa.selenium.remote.RemoteWebElement.sendKeys(RemoteWebElement.java:106)
at com.demo.day3.findAndclick.findElemen(findAndclick.java:25)
at sun.reflect.NativeMethodAccessorImpl.invoke0(Native Method)
at sun.reflect.NativeMethodAccessorImpl.invoke(NativeMethodAccessorImpl.java:62)
at sun.reflect.DelegatingMethodAccessorImpl.invoke(DelegatingMethodAccessorImpl.java:43)
at java.lang.reflect.Method.invoke(Method.java:498)
at org.testng.internal.MethodInvocationHelper.invokeMethod(MethodInvocationHelper.java:124)
at org.testng.internal.Invoker.invokeMethod(Invoker.java:583)
at org.testng.internal.Invoker.invokeTestMethod(Invoker.java:719)
at org.testng.internal.Invoker.invokeTestMethods(Invoker.java:989)
at org.testng.internal.TestMethodWorker.invokeTestMethods(TestMethodWorker.java:125)
at org.testng.internal.TestMethodWorker.run(TestMethodWorker.java:109)
at java.util.concurrent.ThreadPoolExecutor.runWorker(ThreadPoolExecutor.java:1149)
at java.util.concurrent.ThreadPoolExecutor$Worker.run(ThreadPoolExecutor.java:624)
at java.lang.Thread.run(Thread.java:750)
]]>
            </full-stacktrace>
          </exception> <!-- org.openqa.selenium.StaleElementReferenceException -->
          <reporter-output>
          </reporter-output>
        </test-method> <!-- findElemen -->
        <test-method status="PASS" signature="findList()[pri:0, instance:com.demo.day3.findAndclick@234bef66]" name="findList" duration-ms="3419" started-at="2023-06-07T16:15:13Z" finished-at="2023-06-07T16:15:16Z">
          <reporter-output>
          </reporter-output>
        </test-method> <!-- findList -->
        <test-method status="PASS" signature="closeC()[pri:0, instance:com.demo.day3.findAndclick@234bef66]" name="closeC" is-config="true" duration-ms="639" started-at="2023-06-07T16:15:14Z" finished-at="2023-06-07T16:15:14Z">
          <reporter-output>
          </reporter-output>
        </test-method> <!-- closeC -->
        <test-method status="PASS" signature="closeC()[pri:0, instance:com.demo.day3.findAndclick@234bef66]" name="closeC" is-config="true" duration-ms="609" started-at="2023-06-07T16:15:14Z" finished-at="2023-06-07T16:15:14Z">
          <reporter-output>
          </reporter-output>
        </test-method> <!-- closeC -->
        <test-method status="PASS" signature="openC()[pri:0, instance:com.demo.day3.findAndclick@234bef66]" name="openC" is-config="true" duration-ms="1795" started-at="2023-06-07T16:15:14Z" finished-at="2023-06-07T16:15:16Z">
          <reporter-output>
          </reporter-output>
        </test-method> <!-- openC -->
        <test-method status="FAIL" signature="findList1()[pri:0, instance:com.demo.day3.findAndclick@234bef66]" name="findList1" duration-ms="3435" started-at="2023-06-07T16:15:16Z" finished-at="2023-06-07T16:15:19Z">
          <exception class="org.openqa.selenium.NoSuchSessionException">
            <message>
              <![CDATA[Session ID is null. Using WebDriver after calling quit()?
Build info: version: '3.141.59', revision: 'e82be7d358', time: '2018-11-14T08:17:03'
System info: host: 'DESKTOP-AT37U7H', ip: '172.172.100.7', os.name: 'Windows 11', os.arch: 'amd64', os.version: '10.0', java.version: '1.8.0_361'
Driver info: driver.version: RemoteWebDriver]]>
            </message>
            <full-stacktrace>
              <![CDATA[org.openqa.selenium.NoSuchSessionException: Session ID is null. Using WebDriver after calling quit()?
Build info: version: '3.141.59', revision: 'e82be7d358', time: '2018-11-14T08:17:03'
System info: host: 'DESKTOP-AT37U7H', ip: '172.172.100.7', os.name: 'Windows 11', os.arch: 'amd64', os.version: '10.0', java.version: '1.8.0_361'
Driver info: driver.version: RemoteWebDriver
at org.openqa.selenium.remote.HttpCommandExecutor.execute(HttpCommandExecutor.java:125)
at org.openqa.selenium.remote.service.DriverCommandExecutor.execute(DriverCommandExecutor.java:83)
at org.openqa.selenium.remote.RemoteWebDriver.execute(RemoteWebDriver.java:552)
at org.openqa.selenium.remote.RemoteWebDriver.execute(RemoteWebDriver.java:609)
at org.openqa.selenium.remote.RemoteWebDriver.getCurrentUrl(RemoteWebDriver.java:287)
at com.demo.day3.findAndclick.findList1(findAndclick.java:46)
at sun.reflect.NativeMethodAccessorImpl.invoke0(Native Method)
at sun.reflect.NativeMethodAccessorImpl.invoke(NativeMethodAccessorImpl.java:62)
at sun.reflect.DelegatingMethodAccessorImpl.invoke(DelegatingMethodAccessorImpl.java:43)
at java.lang.reflect.Method.invoke(Method.java:498)
at org.testng.internal.MethodInvocationHelper.invokeMethod(MethodInvocationHelper.java:124)
at org.testng.internal.Invoker.invokeMethod(Invoker.java:583)
at org.testng.internal.Invoker.invokeTestMethod(Invoker.java:719)
at org.testng.internal.Invoker.invokeTestMethods(Invoker.java:989)
at org.testng.internal.TestMethodWorker.invokeTestMethods(TestMethodWorker.java:125)
at org.testng.internal.TestMethodWorker.run(TestMethodWorker.java:109)
at java.util.concurrent.ThreadPoolExecutor.runWorker(ThreadPoolExecutor.java:1149)
at java.util.concurrent.ThreadPoolExecutor$Worker.run(ThreadPoolExecutor.java:624)
at java.lang.Thread.run(Thread.java:750)
]]>
            </full-stacktrace>
          </exception> <!-- org.openqa.selenium.NoSuchSessionException -->
          <reporter-output>
          </reporter-output>
        </test-method> <!-- findList1 -->
        <test-method status="PASS" signature="closeC()[pri:0, instance:com.demo.day3.findAndclick@234bef66]" name="closeC" is-config="true" duration-ms="790" started-at="2023-06-07T16:15:16Z" finished-at="2023-06-07T16:15:17Z">
          <reporter-output>
          </reporter-output>
        </test-method> <!-- closeC -->
        <test-method status="PASS" signature="closeC()[pri:0, instance:com.demo.day3.findAndclick@234bef66]" name="closeC" is-config="true" duration-ms="0" started-at="2023-06-07T16:15:19Z" finished-at="2023-06-07T16:15:19Z">
          <reporter-output>
          </reporter-output>
        </test-method> <!-- closeC -->
      </class> <!-- com.demo.day3.findAndclick -->
    </test> <!-- webdriver_demo -->
  </suite> <!-- Default Suite -->
</testng-results>
